0 info it worked if it ends with ok
1 verbose cli [ '/usr/local/Cellar/node/0.10.22/bin/node',
1 verbose cli   '/usr/local/bin/npm',
1 verbose cli   'star',
1 verbose cli   'less' ]
2 info using npm@1.3.14
3 info using node@v0.10.22
4 error Error: Must be logged in to star/unstar packages
4 error     at RegClient.star (/usr/local/Cellar/node/0.10.22/lib/node_modules/npm/node_modules/npm-registry-client/lib/star.js:5:45)
4 error     at /usr/local/Cellar/node/0.10.22/lib/node_modules/npm/lib/star.js:25:14
4 error     at /usr/local/Cellar/node/0.10.22/lib/node_modules/npm/node_modules/slide/lib/async-map.js:54:35
4 error     at Array.forEach (native)
4 error     at /usr/local/Cellar/node/0.10.22/lib/node_modules/npm/node_modules/slide/lib/async-map.js:54:11
4 error     at Array.forEach (native)
4 error     at asyncMap (/usr/local/Cellar/node/0.10.22/lib/node_modules/npm/node_modules/slide/lib/async-map.js:53:8)
4 error     at EventEmitter.star (/usr/local/Cellar/node/0.10.22/lib/node_modules/npm/lib/star.js:24:3)
4 error     at Object.commandCache.(anonymous function) (/usr/local/Cellar/node/0.10.22/lib/node_modules/npm/lib/npm.js:194:11)
4 error     at EventEmitter.<anonymous> (/usr/local/Cellar/node/0.10.22/lib/node_modules/npm/bin/npm-cli.js:83:28)
5 error If you need help, you may report this log at:
5 error     <http://github.com/isaacs/npm/issues>
5 error or email it to:
5 error     <npm-@googlegroups.com>
6 error System Darwin 10.8.0
7 error command "/usr/local/Cellar/node/0.10.22/bin/node" "/usr/local/bin/npm" "star" "less"
8 error cwd /Applications/MAMP/htdocs/git/fossless
9 error node -v v0.10.22
10 error npm -v 1.3.14
11 verbose exit [ 1, true ]
